
   INFO  Processing jobs from the [default] queue.  


   INFO  Processing jobs from the [default] queue.  


   INFO  Processing jobs from the [default] queue.  


   INFO  Processing jobs from the [default] queue.  

  2022-11-01 11:00:50 App\Notifications\LogedInNotification .... 371.53ms DONE
  2022-11-01 11:02:35 App\Notifications\LogedInNotification .... 433.95ms DONE

   INFO  Processing jobs from the [default] queue.  


   INFO  Processing jobs from the [default] queue.  

  2022-11-01 11:10:51 App\Notifications\LogedInNotification .... 387.57ms DONE

   INFO  Processing jobs from the [default] queue.  


   INFO  Processing jobs from the [default] queue.  


   INFO  Processing jobs from the [default] queue.  


   INFO  Processing jobs from the [default] queue.  


   INFO  Processing jobs from the [default] queue.  


   INFO  Processing jobs from the [default] queue.  


   INFO  Processing jobs from the [default] queue.  


   INFO  Processing jobs from the [default] queue.  


   INFO  Processing jobs from the [default] queue.  


   INFO  Processing jobs from the [default] queue.  


   INFO  Processing jobs from the [default] queue.  


   INFO  Processing jobs from the [default] queue.  


   INFO  Processing jobs from the [default] queue.  


   INFO  Processing jobs from the [default] queue.  


   INFO  Processing jobs from the [default] queue.  


   INFO  Processing jobs from the [default] queue.  


   INFO  Processing jobs from the [default] queue.  


   INFO  Processing jobs from the [default] queue.  


   INFO  Processing jobs from the [default] queue.  


   INFO  Processing jobs from the [default] queue.  

  2022-11-01 21:45:05 App\Notifications\LogedInNotification .. 4,344.76ms FAIL
  2022-11-01 21:45:09 App\Notifications\LogedInNotification .. 4,247.69ms FAIL
  2022-11-01 21:45:13 App\Notifications\LogedInNotification .. 4,260.28ms FAIL
  2022-11-01 21:57:24 App\Notifications\LogedInNotification  2022-11-01 21:57:25 App\Notifications\LogedInNotification .... 411.77ms DONE
 .. 9,324.88ms FAIL
  2022-11-01 21:57:34 App\Notifications\LogedInNotification .. 4,211.79ms FAIL
  2022-11-01 21:57:38 App\Notifications\LogedInNotification .. 4,248.58ms FAIL

   INFO  Processing jobs from the [default] queue.  


   INFO  Processing jobs from the [default] queue.  


   INFO  Processing jobs from the [default] queue.  


   INFO  Processing jobs from the [default] queue.  


   INFO  Processing jobs from the [default] queue.  


   INFO  Processing jobs from the [default] queue.  


   INFO  Processing jobs from the [default] queue.  


   INFO  Processing jobs from the [default] queue.  


   INFO  Processing jobs from the [default] queue.  


   INFO  Processing jobs from the [default] queue.  


   INFO  Processing jobs from the [default] queue.  


   INFO  Processing jobs from the [default] queue.  


   INFO  Processing jobs from the [default] queue.  


   INFO  Processing jobs from the [default] queue.  


   INFO  Processing jobs from the [default] queue.  


   INFO  Processing jobs from the [default] queue.  


   INFO  Processing jobs from the [default] queue.  


   INFO  Processing jobs from the [default] queue.  


   INFO  Processing jobs from the [default] queue.  


   INFO  Processing jobs from the [default] queue.  


   INFO  Processing jobs from the [default] queue.  


   INFO  Processing jobs from the [default] queue.  


   INFO  Processing jobs from the [default] queue.  


   INFO  Processing jobs from the [default] queue.  


   INFO  Processing jobs from the [default] queue.  


   INFO  Processing jobs from the [default] queue.  


   INFO  Processing jobs from the [default] queue.  


   INFO  Processing jobs from the [default] queue.  

  2022-11-02 11:42:04 App\Notifications\LogedInNotification .. 4,324.85ms FAIL
  2022-11-02 11:42:08 App\Notifications\LogedInNotification .. 4,244.77ms FAIL
  2022-11-02 11:42:12 App\Notifications\LogedInNotification .. 4,194.35ms FAIL

   INFO  Processing jobs from the [default] queue.  


   INFO  Processing jobs from the [default] queue.  


   INFO  Processing jobs from the [default] queue.  


   INFO  Processing jobs from the [default] queue.  

  2022-11-02 13:32:25 App\Notifications\LogedInNotification  2022-11-02 13:32:25 App\Notifications\LogedInNotification .... 391.99ms DONE
 .. 4,373.15ms FAIL
  2022-11-02 13:32:29 App\Notifications\LogedInNotification .. 4,211.95ms FAIL
  2022-11-02 13:32:33 App\Notifications\LogedInNotification .. 4,255.12ms FAIL
  2022-11-02 13:40:35 App\Notifications\LogedInNotification .. 4,247.11ms FAIL
  2022-11-02 13:45:38 App\Notifications\LogedInNotification .. 4,363.95ms FAIL
  2022-11-02 13:45:42 App\Notifications\LogedInNotification .. 4,217.30ms FAIL
  2022-11-02 13:45:47 App\Notifications\LogedInNotification .. 4,221.92ms FAIL
  2022-11-02 14:08:50 App\Notifications\LogedInNotification .. 9,407.90ms FAIL
  2022-11-02 14:09:00 App\Notifications\LogedInNotification .. 4,431.54ms FAIL

   INFO  Processing jobs from the [default] queue.  


   INFO  Processing jobs from the [default] queue.  

  2022-11-02 14:13:36 App\Events\FeatureTraded .................. 95.59ms FAIL
  2022-11-02 14:13:36 App\Events\FeatureTraded .................. 35.78ms FAIL
  2022-11-02 14:13:36 App\Events\FeatureTraded .................. 25.05ms FAIL
  2022-11-02 14:13:54 App\Events\FeatureTraded .................. 39.72ms FAIL
  2022-11-02 14:13:55 App\Events\FeatureTraded .................. 92.34ms FAIL
  2022-11-02 14:13:55 App\Events\FeatureTraded .................. 21.14ms FAIL
  2022-11-02 14:14:04 App\Events\FeatureTraded .................. 25.66ms FAIL
  2022-11-02 14:14:04 App\Events\FeatureTraded .................. 21.25ms FAIL
  2022-11-02 14:35:53 App\Notifications\LogedInNotification .... 422.48ms DONE
  2022-11-02 14:58:46 App\Notifications\LogedInNotification .. 4,349.33ms FAIL
  2022-11-02 14:58:50 App\Notifications\LogedInNotification .. 4,259.50ms FAIL
  2022-11-02 14:58:55 App\Notifications\LogedInNotification .. 4,257.91ms FAIL

   INFO  Processing jobs from the [default] queue.  


   INFO  Processing jobs from the [default] queue.  


   INFO  Processing jobs from the [default] queue.  


   INFO  Processing jobs from the [default] queue.  


   INFO  Processing jobs from the [default] queue.  


   INFO  Processing jobs from the [default] queue.  

  2022-11-02 17:46:28 App\Notifications\LogedInNotification  2022-11-02 17:46:28 App\Notifications\LogedInNotification .... 347.62ms DONE
 .. 4,377.05ms FAIL
  2022-11-02 17:46:32 App\Notifications\LogedInNotification .. 4,269.86ms FAIL
  2022-11-02 17:46:37 App\Notifications\LogedInNotification .. 4,269.37ms FAIL
  2022-11-02 18:08:51 App\Notifications\LogedInNotification  2022-11-02 18:08:51 App\Notifications\LogedInNotification .... 294.91ms DONE
 .. 4,295.73ms FAIL
  2022-11-02 18:08:55 App\Notifications\LogedInNotification .. 4,217.87ms FAIL
  2022-11-02 18:09:00 App\Notifications\LogedInNotification .. 4,208.91ms FAIL

   INFO  Processing jobs from the [default] queue.  


   INFO  Processing jobs from the [default] queue.  


   INFO  Processing jobs from the [default] queue.  


   INFO  Processing jobs from the [default] queue.  


   INFO  Processing jobs from the [default] queue.  


   INFO  Processing jobs from the [default] queue.  


   INFO  Processing jobs from the [default] queue.  


   INFO  Processing jobs from the [default] queue.  


   INFO  Processing jobs from the [default] queue.  


   INFO  Processing jobs from the [default] queue.  


   INFO  Processing jobs from the [default] queue.  


   INFO  Processing jobs from the [default] queue.  


   INFO  Processing jobs from the [default] queue.  


   INFO  Processing jobs from the [default] queue.  


   INFO  Processing jobs from the [default] queue.  


   INFO  Processing jobs from the [default] queue.  


   INFO  Processing jobs from the [default] queue.  


   INFO  Processing jobs from the [default] queue.  


   INFO  Processing jobs from the [default] queue.  


   INFO  Processing jobs from the [default] queue.  


   INFO  Processing jobs from the [default] queue.  


   INFO  Processing jobs from the [default] queue.  


   INFO  Processing jobs from the [default] queue.  


   INFO  Processing jobs from the [default] queue.  


   INFO  Processing jobs from the [default] queue.  


   INFO  Processing jobs from the [default] queue.  


   INFO  Processing jobs from the [default] queue.  


   INFO  Processing jobs from the [default] queue.  


   INFO  Processing jobs from the [default] queue.  


   INFO  Processing jobs from the [default] queue.  


   INFO  Processing jobs from the [default] queue.  


   INFO  Processing jobs from the [default] queue.  


   INFO  Processing jobs from the [default] queue.  


   INFO  Processing jobs from the [default] queue.  


   INFO  Processing jobs from the [default] queue.  


   INFO  Processing jobs from the [default] queue.  


   INFO  Processing jobs from the [default] queue.  


   INFO  Processing jobs from the [default] queue.  


   INFO  Processing jobs from the [default] queue.  


   INFO  Processing jobs from the [default] queue.  


   INFO  Processing jobs from the [default] queue.  


   INFO  Processing jobs from the [default] queue.  


   INFO  Processing jobs from the [default] queue.  


   INFO  Processing jobs from the [default] queue.  


   INFO  Processing jobs from the [default] queue.  


   INFO  Processing jobs from the [default] queue.  


   INFO  Processing jobs from the [default] queue.  


   INFO  Processing jobs from the [default] queue.  


   INFO  Processing jobs from the [default] queue.  


   INFO  Processing jobs from the [default] queue.  


   INFO  Processing jobs from the [default] queue.  


   INFO  Processing jobs from the [default] queue.  


   INFO  Processing jobs from the [default] queue.  


   INFO  Processing jobs from the [default] queue.  


   INFO  Processing jobs from the [default] queue.  


   INFO  Processing jobs from the [default] queue.  


   INFO  Processing jobs from the [default] queue.  


   INFO  Processing jobs from the [default] queue.  


   INFO  Processing jobs from the [default] queue.  


   INFO  Processing jobs from the [default] queue.  


   INFO  Processing jobs from the [default] queue.  


   INFO  Processing jobs from the [default] queue.  


   INFO  Processing jobs from the [default] queue.  


   INFO  Processing jobs from the [default] queue.  


   INFO  Processing jobs from the [default] queue.  


   INFO  Processing jobs from the [default] queue.  


   INFO  Processing jobs from the [default] queue.  


   INFO  Processing jobs from the [default] queue.  


   INFO  Processing jobs from the [default] queue.  


   INFO  Processing jobs from the [default] queue.  


   INFO  Processing jobs from the [default] queue.  


   INFO  Processing jobs from the [default] queue.  


   INFO  Processing jobs from the [default] queue.  


   INFO  Processing jobs from the [default] queue.  


   INFO  Processing jobs from the [default] queue.  


   INFO  Processing jobs from the [default] queue.  


   INFO  Processing jobs from the [default] queue.  


   INFO  Processing jobs from the [default] queue.  


   INFO  Processing jobs from the [default] queue.  


   INFO  Processing jobs from the [default] queue.  


   INFO  Processing jobs from the [default] queue.  


   INFO  Processing jobs from the [default] queue.  


   INFO  Processing jobs from the [default] queue.  


   INFO  Processing jobs from the [default] queue.  


   INFO  Processing jobs from the [default] queue.  


   INFO  Processing jobs from the [default] queue.  


   INFO  Processing jobs from the [default] queue.  


   INFO  Processing jobs from the [default] queue.  


   INFO  Processing jobs from the [default] queue.  


   INFO  Processing jobs from the [default] queue.  


   INFO  Processing jobs from the [default] queue.  


   INFO  Processing jobs from the [default] queue.  


   INFO  Processing jobs from the [default] queue.  


   INFO  Processing jobs from the [default] queue.  


   INFO  Processing jobs from the [default] queue.  


   INFO  Processing jobs from the [default] queue.  


   INFO  Processing jobs from the [default] queue.  


   INFO  Processing jobs from the [default] queue.  


   INFO  Processing jobs from the [default] queue.  


   INFO  Processing jobs from the [default] queue.  


   INFO  Processing jobs from the [default] queue.  


   INFO  Processing jobs from the [default] queue.  


   INFO  Processing jobs from the [default] queue.  


   INFO  Processing jobs from the [default] queue.  


   INFO  Processing jobs from the [default] queue.  


   INFO  Processing jobs from the [default] queue.  


   INFO  Processing jobs from the [default] queue.  


   INFO  Processing jobs from the [default] queue.  


   INFO  Processing jobs from the [default] queue.  


   INFO  Processing jobs from the [default] queue.  


   INFO  Processing jobs from the [default] queue.  


   INFO  Processing jobs from the [default] queue.  


   INFO  Processing jobs from the [default] queue.  


   INFO  Processing jobs from the [default] queue.  


   INFO  Processing jobs from the [default] queue.  


   INFO  Processing jobs from the [default] queue.  


   INFO  Processing jobs from the [default] queue.  


   INFO  Processing jobs from the [default] queue.  


   INFO  Processing jobs from the [default] queue.  


   INFO  Processing jobs from the [default] queue.  


   INFO  Processing jobs from the [default] queue.  


   INFO  Processing jobs from the [default] queue.  

  2022-11-05 07:03:29 App\Notifications\LogedInNotification .. 4,353.56ms FAIL
  2022-11-05 07:03:34 App\Notifications\LogedInNotification .. 4,235.95ms FAIL
  2022-11-05 07:03:38 App\Notifications\LogedInNotification .. 4,251.16ms FAIL

   INFO  Processing jobs from the [default] queue.  


   INFO  Processing jobs from the [default] queue.  

  2022-11-05 07:30:45 App\Notifications\LogedInNotification  2022-11-05 07:30:46 App\Notifications\LogedInNotification .... 431.39ms DONE
 .. 4,400.93ms FAIL
  2022-11-05 07:30:50 App\Notifications\LogedInNotification .. 4,253.45ms FAIL
  2022-11-05 07:30:54 App\Notifications\LogedInNotification .. 4,249.03ms FAIL

   INFO  Processing jobs from the [default] queue.  


   INFO  Processing jobs from the [default] queue.  


   INFO  Processing jobs from the [default] queue.  


   INFO  Processing jobs from the [default] queue.  


   INFO  Processing jobs from the [default] queue.  


   INFO  Processing jobs from the [default] queue.  

  2022-11-05 10:28:54 App\Notifications\LogedInNotification  2022-11-05 10:28:54 App\Notifications\LogedInNotification .... 397.89ms DONE
 .. 4,374.08ms FAIL
  2022-11-05 10:28:58 App\Notifications\LogedInNotification .. 4,256.53ms FAIL
  2022-11-05 10:29:02 App\Notifications\LogedInNotification .. 9,471.85ms FAIL

   INFO  Processing jobs from the [default] queue.  


   INFO  Processing jobs from the [default] queue.  

